<?xml version="1.0" encoding="UTF-8"?>
<!-- Generated by org.testng.reporters.JUnitReportReporter -->
<testsuite skipped="0" hostname="INjharau03" name="com.companyName.projectName.regressionTestCaseLib.LoginValidationTest" tests="1" failures="0" timestamp="2020-08-14T20:19:53 IST" time="25.843" errors="0">
  <testcase name="loginTest" time="25.843" classname="com.companyName.projectName.regressionTestCaseLib.LoginValidationTest"/>
  <system-out/>
</testsuite> <!-- com.companyName.projectName.regressionTestCaseLib.LoginValidationTest -->
