<?xml version="1.0" encoding="UTF-8"?>
<!-- Generated by org.testng.reporters.JUnitReportReporter -->
<testsuite skipped="0" hostname="INjharau03" name="com.companyName.projectName.regressionTestCaseLib.AadhaarNameArrangeValidationTest" tests="1" failures="0" timestamp="2020-08-14T16:21:09 IST" time="25.308" errors="0">
  <testcase name="adhrArrange" time="25.308" classname="com.companyName.projectName.regressionTestCaseLib.AadhaarNameArrangeValidationTest"/>
  <system-out/>
</testsuite> <!-- com.companyName.projectName.regressionTestCaseLib.AadhaarNameArrangeValidationTest -->
